stdio    D         file_stdio.c:110  file_stdio_fopen                 [   0.00000] opening D:\C_Programming\I2P1_Final_project-master\bin\Debug\allegro5.cfg r
system   D            wsystem.c:874  _al_win_safe_load_library        [   0.00000] PathFindOnPath found: C:\WINDOWS\system32\shcore.dll
system   D            wsystem.c:780  load_library_at_path             [   0.00000] Calling LoadLibrary C:\WINDOWS\system32\shcore.dll
system   I            wsystem.c:783  load_library_at_path             [   0.00000] Loaded C:\WINDOWS\system32\shcore.dll
system   I             system.c:271  al_install_system                [   0.00000] Allegro version: 5.2.7
audio-dsound I           dsound.cpp:271  _dsound_open                     [   0.00023] Starting DirectSound...
audio-dsound D           dsound.cpp:280  _dsound_open                     [   0.02587] DirectSoundCreate8 succeeded
audio-dsound I           dsound.cpp:73   get_window                       [   0.02593] Using desktop window: 0000000000010010
audio    I              audio.c:347  do_install_audio                 [   0.02612] Using DirectSound driver
system   D            wsystem.c:874  _al_win_safe_load_library        [   0.02637] PathFindOnPath found: C:\WINDOWS\system32\d3d9.dll
system   D            wsystem.c:780  load_library_at_path             [   0.02640] Calling LoadLibrary C:\WINDOWS\system32\d3d9.dll
system   I            wsystem.c:783  load_library_at_path             [   0.02913] Loaded C:\WINDOWS\system32\d3d9.dll
d3d      I         d3d_disp.cpp:684  d3d_init_display                 [   0.07417] Render-to-texture: 1
d3d      I         d3d_disp.cpp:1782 d3d_create_display_locked        [   0.07572] faux_fullscreen=0
d3d      D         d3d_disp.cpp:1783 d3d_create_display_locked        [   0.07576] al_display=000000000018ea10
d3d      D         d3d_disp.cpp:1784 d3d_create_display_locked        [   0.07578] al_display->vt=000000000018e8a0
d3d      I d3d_display_formats.cpp:144  _al_d3d_generate_display_format_list [   0.07865] found 160 format combinations
display  D   display_settings.c:212  debug_display_settings           [   0.07869] color: 32 (rgba 8880), depth: 0, stencil: 0, acc: 0000, samples: 0/0
display  D   display_settings.c:527  _al_score_display_settings       [   0.07872] Score is : 897
display  D   display_settings.c:212  debug_display_settings           [   0.07874] color: 32 (rgba 8880), depth: 0, stencil: 0, acc: 0000, samples: 0/0
display  D   display_settings.c:527  _al_score_display_settings       [   0.07876] Score is : 897
display  D   display_settings.c:212  debug_display_settings           [   0.07878] color: 32 (rgba 8880), depth: 0, stencil: 0, acc: 0000, samples: 2/1
display  D   display_settings.c:527  _al_score_display_settings       [   0.07880] Score is : 726
display  D   display_settings.c:212  debug_display_settings           [   0.07882] color: 32 (rgba 8880), depth: 0, stencil: 0, acc: 0000, samples: 3/1
display  D   display_settings.c:527  _al_score_display_settings       [   0.07884] Score is : 721
display  D   display_settings.c:212  debug_display_settings           [   0.07885] color: 32 (rgba 8880), depth: 0, stencil: 0, acc: 0000, samples: 4/1
display  D   display_settings.c:527  _al_score_display_settings       [   0.07887] Score is : 717
display  D   display_settings.c:212  debug_display_settings           [   0.07889] color: 32 (rgba 8880), depth: 24, stencil: 8, acc: 0000, samples: 0/0
display  D   display_settings.c:527  _al_score_display_settings       [   0.07891] Score is : 897
display  D   display_settings.c:212  debug_display_settings           [   0.07893] color: 32 (rgba 8880), depth: 24, stencil: 8, acc: 0000, samples: 0/0
display  D   display_settings.c:527  _al_score_display_settings       [   0.07927] Score is : 897
display  D   display_settings.c:212  debug_display_settings           [   0.07931] color: 32 (rgba 8880), depth: 24, stencil: 8, acc: 0000, samples: 2/1
display  D   display_settings.c:527  _al_score_display_settings       [   0.07934] Score is : 726
display  D   display_settings.c:212  debug_display_settings           [   0.07936] color: 32 (rgba 8880), depth: 24, stencil: 8, acc: 0000, samples: 3/1
display  D   display_settings.c:527  _al_score_display_settings       [   0.07944] Score is : 721
display  D   display_settings.c:212  debug_display_settings           [   0.07947] color: 32 (rgba 8880), depth: 24, stencil: 8, acc: 0000, samples: 4/1
display  D   display_settings.c:527  _al_score_display_settings       [   0.07949] Score is : 717
display  D   display_settings.c:212  debug_display_settings           [   0.07951] color: 32 (rgba 8880), depth: 24, stencil: 0, acc: 0000, samples: 0/0
display  D   display_settings.c:527  _al_score_display_settings       [   0.07953] Score is : 897
display  D   display_settings.c:212  debug_display_settings           [   0.07955] color: 32 (rgba 8880), depth: 24, stencil: 0, acc: 0000, samples: 0/0
display  D   display_settings.c:527  _al_score_display_settings       [   0.07958] Score is : 897
display  D   display_settings.c:212  debug_display_settings           [   0.07960] color: 32 (rgba 8880), depth: 24, stencil: 0, acc: 0000, samples: 2/1
display  D   display_settings.c:527  _al_score_display_settings       [   0.07962] Score is : 726
display  D   display_settings.c:212  debug_display_settings           [   0.07964] color: 32 (rgba 8880), depth: 24, stencil: 0, acc: 0000, samples: 3/1
display  D   display_settings.c:527  _al_score_display_settings       [   0.07966] Score is : 721
display  D   display_settings.c:212  debug_display_settings           [   0.07968] color: 32 (rgba 8880), depth: 24, stencil: 0, acc: 0000, samples: 4/1
display  D   display_settings.c:527  _al_score_display_settings       [   0.07970] Score is : 717
display  D   display_settings.c:212  debug_display_settings           [   0.07972] color: 32 (rgba 8880), depth: 16, stencil: 0, acc: 0000, samples: 0/0
display  D   display_settings.c:527  _al_score_display_settings       [   0.07974] Score is : 897
display  D   display_settings.c:212  debug_display_settings           [   0.07976] color: 32 (rgba 8880), depth: 16, stencil: 0, acc: 0000, samples: 0/0
display  D   display_settings.c:527  _al_score_display_settings       [   0.07982] Score is : 897
display  D   display_settings.c:212  debug_display_settings           [   0.07988] color: 32 (rgba 8880), depth: 16, stencil: 0, acc: 0000, samples: 2/1
display  D   display_settings.c:527  _al_score_display_settings       [   0.07990] Score is : 726
display  D   display_settings.c:212  debug_display_settings           [   0.07992] color: 32 (rgba 8880), depth: 16, stencil: 0, acc: 0000, samples: 3/1
display  D   display_settings.c:527  _al_score_display_settings       [   0.07994] Score is : 721
display  D   display_settings.c:212  debug_display_settings           [   0.07998] color: 32 (rgba 8880), depth: 16, stencil: 0, acc: 0000, samples: 4/1
display  D   display_settings.c:527  _al_score_display_settings       [   0.08002] Score is : 717
display  D   display_settings.c:212  debug_display_settings           [   0.08004] color: 16 (rgba 5650), depth: 0, stencil: 0, acc: 0000, samples: 0/0
display  D   display_settings.c:527  _al_score_display_settings       [   0.08006] Score is : 897
display  D   display_settings.c:212  debug_display_settings           [   0.08007] color: 16 (rgba 5650), depth: 0, stencil: 0, acc: 0000, samples: 0/0
display  D   display_settings.c:527  _al_score_display_settings       [   0.08009] Score is : 897
display  D   display_settings.c:212  debug_display_settings           [   0.08011] color: 16 (rgba 5650), depth: 0, stencil: 0, acc: 0000, samples: 2/1
display  D   display_settings.c:527  _al_score_display_settings       [   0.08013] Score is : 726
display  D   display_settings.c:212  debug_display_settings           [   0.08015] color: 16 (rgba 5650), depth: 0, stencil: 0, acc: 0000, samples: 3/1
display  D   display_settings.c:527  _al_score_display_settings       [   0.08017] Score is : 721
display  D   display_settings.c:212  debug_display_settings           [   0.08019] color: 16 (rgba 5650), depth: 0, stencil: 0, acc: 0000, samples: 4/1
display  D   display_settings.c:527  _al_score_display_settings       [   0.08021] Score is : 717
display  D   display_settings.c:212  debug_display_settings           [   0.08023] color: 16 (rgba 5650), depth: 24, stencil: 8, acc: 0000, samples: 0/0
display  D   display_settings.c:527  _al_score_display_settings       [   0.08025] Score is : 897
display  D   display_settings.c:212  debug_display_settings           [   0.08027] color: 16 (rgba 5650), depth: 24, stencil: 8, acc: 0000, samples: 0/0
display  D   display_settings.c:527  _al_score_display_settings       [   0.08029] Score is : 897
display  D   display_settings.c:212  debug_display_settings           [   0.08031] color: 16 (rgba 5650), depth: 24, stencil: 8, acc: 0000, samples: 2/1
display  D   display_settings.c:527  _al_score_display_settings       [   0.08033] Score is : 726
display  D   display_settings.c:212  debug_display_settings           [   0.08054] color: 16 (rgba 5650), depth: 24, stencil: 8, acc: 0000, samples: 3/1
display  D   display_settings.c:527  _al_score_display_settings       [   0.08058] Score is : 721
display  D   display_settings.c:212  debug_display_settings           [   0.08061] color: 16 (rgba 5650), depth: 24, stencil: 8, acc: 0000, samples: 4/1
display  D   display_settings.c:527  _al_score_display_settings       [   0.08063] Score is : 717
display  D   display_settings.c:212  debug_display_settings           [   0.08065] color: 16 (rgba 5650), depth: 24, stencil: 0, acc: 0000, samples: 0/0
display  D   display_settings.c:527  _al_score_display_settings       [   0.08067] Score is : 897
display  D   display_settings.c:212  debug_display_settings           [   0.08069] color: 16 (rgba 5650), depth: 24, stencil: 0, acc: 0000, samples: 0/0
display  D   display_settings.c:527  _al_score_display_settings       [   0.08071] Score is : 897
display  D   display_settings.c:212  debug_display_settings           [   0.08073] color: 16 (rgba 5650), depth: 24, stencil: 0, acc: 0000, samples: 2/1
display  D   display_settings.c:527  _al_score_display_settings       [   0.08077] Score is : 726
display  D   display_settings.c:212  debug_display_settings           [   0.08079] color: 16 (rgba 5650), depth: 24, stencil: 0, acc: 0000, samples: 3/1
display  D   display_settings.c:527  _al_score_display_settings       [   0.08081] Score is : 721
display  D   display_settings.c:212  debug_display_settings           [   0.08083] color: 16 (rgba 5650), depth: 24, stencil: 0, acc: 0000, samples: 4/1
display  D   display_settings.c:527  _al_score_display_settings       [   0.08085] Score is : 717
display  D   display_settings.c:212  debug_display_settings           [   0.08088] color: 16 (rgba 5650), depth: 16, stencil: 0, acc: 0000, samples: 0/0
display  D   display_settings.c:527  _al_score_display_settings       [   0.08090] Score is : 897
display  D   display_settings.c:212  debug_display_settings           [   0.08092] color: 16 (rgba 5650), depth: 16, stencil: 0, acc: 0000, samples: 0/0
display  D   display_settings.c:527  _al_score_display_settings       [   0.08094] Score is : 897
display  D   display_settings.c:212  debug_display_settings           [   0.08098] color: 16 (rgba 5650), depth: 16, stencil: 0, acc: 0000, samples: 2/1
display  D   display_settings.c:527  _al_score_display_settings       [   0.08100] Score is : 726
display  D   display_settings.c:212  debug_display_settings           [   0.08102] color: 16 (rgba 5650), depth: 16, stencil: 0, acc: 0000, samples: 3/1
display  D   display_settings.c:527  _al_score_display_settings       [   0.08104] Score is : 721
display  D   display_settings.c:212  debug_display_settings           [   0.08111] color: 16 (rgba 5650), depth: 16, stencil: 0, acc: 0000, samples: 4/1
display  D   display_settings.c:527  _al_score_display_settings       [   0.08118] Score is : 717
display  D   display_settings.c:212  debug_display_settings           [   0.08120] color: 32 (rgba 8880), depth: 0, stencil: 0, acc: 0000, samples: 0/0
display  D   display_settings.c:398  _al_score_display_settings       [   0.08127] Single Buffer requirement not met.
display  D   display_settings.c:212  debug_display_settings           [   0.08159] color: 32 (rgba 8880), depth: 0, stencil: 0, acc: 0000, samples: 0/0
display  D   display_settings.c:398  _al_score_display_settings       [   0.08168] Single Buffer requirement not met.
display  D   display_settings.c:212  debug_display_settings           [   0.08175] color: 32 (rgba 8880), depth: 0, stencil: 0, acc: 0000, samples: 2/1
display  D   display_settings.c:398  _al_score_display_settings       [   0.08177] Single Buffer requirement not met.
display  D   display_settings.c:212  debug_display_settings           [   0.08179] color: 32 (rgba 8880), depth: 0, stencil: 0, acc: 0000, samples: 3/1
display  D   display_settings.c:398  _al_score_display_settings       [   0.08181] Single Buffer requirement not met.
display  D   display_settings.c:212  debug_display_settings           [   0.08183] color: 32 (rgba 8880), depth: 0, stencil: 0, acc: 0000, samples: 4/1
display  D   display_settings.c:398  _al_score_display_settings       [   0.08185] Single Buffer requirement not met.
display  D   display_settings.c:212  debug_display_settings           [   0.08187] color: 32 (rgba 8880), depth: 24, stencil: 8, acc: 0000, samples: 0/0
display  D   display_settings.c:398  _al_score_display_settings       [   0.08189] Single Buffer requirement not met.
display  D   display_settings.c:212  debug_display_settings           [   0.08191] color: 32 (rgba 8880), depth: 24, stencil: 8, acc: 0000, samples: 0/0
display  D   display_settings.c:398  _al_score_display_settings       [   0.08193] Single Buffer requirement not met.
display  D   display_settings.c:212  debug_display_settings           [   0.08197] color: 32 (rgba 8880), depth: 24, stencil: 8, acc: 0000, samples: 2/1
display  D   display_settings.c:398  _al_score_display_settings       [   0.08199] Single Buffer requirement not met.
display  D   display_settings.c:212  debug_display_settings           [   0.08203] color: 32 (rgba 8880), depth: 24, stencil: 8, acc: 0000, samples: 3/1
display  D   display_settings.c:398  _al_score_display_settings       [   0.08205] Single Buffer requirement not met.
display  D   display_settings.c:212  debug_display_settings           [   0.08212] color: 32 (rgba 8880), depth: 24, stencil: 8, acc: 0000, samples: 4/1
display  D   display_settings.c:398  _al_score_display_settings       [   0.08216] Single Buffer requirement not met.
display  D   display_settings.c:212  debug_display_settings           [   0.08218] color: 32 (rgba 8880), depth: 24, stencil: 0, acc: 0000, samples: 0/0
display  D   display_settings.c:398  _al_score_display_settings       [   0.08231] Single Buffer requirement not met.
display  D   display_settings.c:212  debug_display_settings           [   0.08233] color: 32 (rgba 8880), depth: 24, stencil: 0, acc: 0000, samples: 0/0
display  D   display_settings.c:398  _al_score_display_settings       [   0.08235] Single Buffer requirement not met.
display  D   display_settings.c:212  debug_display_settings           [   0.08237] color: 32 (rgba 8880), depth: 24, stencil: 0, acc: 0000, samples: 2/1
display  D   display_settings.c:398  _al_score_display_settings       [   0.08247] Single Buffer requirement not met.
display  D   display_settings.c:212  debug_display_settings           [   0.08251] color: 32 (rgba 8880), depth: 24, stencil: 0, acc: 0000, samples: 3/1
display  D   display_settings.c:398  _al_score_display_settings       [   0.08253] Single Buffer requirement not met.
display  D   display_settings.c:212  debug_display_settings           [   0.08255] color: 32 (rgba 8880), depth: 24, stencil: 0, acc: 0000, samples: 4/1
display  D   display_settings.c:398  _al_score_display_settings       [   0.08257] Single Buffer requirement not met.
display  D   display_settings.c:212  debug_display_settings           [   0.08259] color: 32 (rgba 8880), depth: 16, stencil: 0, acc: 0000, samples: 0/0
display  D   display_settings.c:398  _al_score_display_settings       [   0.08269] Single Buffer requirement not met.
display  D   display_settings.c:212  debug_display_settings           [   0.08273] color: 32 (rgba 8880), depth: 16, stencil: 0, acc: 0000, samples: 0/0
display  D   display_settings.c:398  _al_score_display_settings       [   0.08276] Single Buffer requirement not met.
display  D   display_settings.c:212  debug_display_settings           [   0.08277] color: 32 (rgba 8880), depth: 16, stencil: 0, acc: 0000, samples: 2/1
display  D   display_settings.c:398  _al_score_display_settings       [   0.08279] Single Buffer requirement not met.
display  D   display_settings.c:212  debug_display_settings           [   0.08281] color: 32 (rgba 8880), depth: 16, stencil: 0, acc: 0000, samples: 3/1
display  D   display_settings.c:398  _al_score_display_settings       [   0.08283] Single Buffer requirement not met.
display  D   display_settings.c:212  debug_display_settings           [   0.08285] color: 32 (rgba 8880), depth: 16, stencil: 0, acc: 0000, samples: 4/1
display  D   display_settings.c:398  _al_score_display_settings       [   0.08287] Single Buffer requirement not met.
display  D   display_settings.c:212  debug_display_settings           [   0.08289] color: 16 (rgba 5650), depth: 0, stencil: 0, acc: 0000, samples: 0/0
display  D   display_settings.c:398  _al_score_display_settings       [   0.08291] Single Buffer requirement not met.
display  D   display_settings.c:212  debug_display_settings           [   0.08293] color: 16 (rgba 5650), depth: 0, stencil: 0, acc: 0000, samples: 0/0
display  D   display_settings.c:398  _al_score_display_settings       [   0.08296] Single Buffer requirement not met.
display  D   display_settings.c:212  debug_display_settings           [   0.08298] color: 16 (rgba 5650), depth: 0, stencil: 0, acc: 0000, samples: 2/1
display  D   display_settings.c:398  _al_score_display_settings       [   0.08300] Single Buffer requirement not met.
display  D   display_settings.c:212  debug_display_settings           [   0.08302] color: 16 (rgba 5650), depth: 0, stencil: 0, acc: 0000, samples: 3/1
display  D   display_settings.c:398  _al_score_display_settings       [   0.08304] Single Buffer requirement not met.
display  D   display_settings.c:212  debug_display_settings           [   0.08306] color: 16 (rgba 5650), depth: 0, stencil: 0, acc: 0000, samples: 4/1
display  D   display_settings.c:398  _al_score_display_settings       [   0.08308] Single Buffer requirement not met.
display  D   display_settings.c:212  debug_display_settings           [   0.08310] color: 16 (rgba 5650), depth: 24, stencil: 8, acc: 0000, samples: 0/0
display  D   display_settings.c:398  _al_score_display_settings       [   0.08312] Single Buffer requirement not met.
display  D   display_settings.c:212  debug_display_settings           [   0.08314] color: 16 (rgba 5650), depth: 24, stencil: 8, acc: 0000, samples: 0/0
display  D   display_settings.c:398  _al_score_display_settings       [   0.08316] Single Buffer requirement not met.
display  D   display_settings.c:212  debug_display_settings           [   0.08317] color: 16 (rgba 5650), depth: 24, stencil: 8, acc: 0000, samples: 2/1
display  D   display_settings.c:398  _al_score_display_settings       [   0.08319] Single Buffer requirement not met.
display  D   display_settings.c:212  debug_display_settings           [   0.08321] color: 16 (rgba 5650), depth: 24, stencil: 8, acc: 0000, samples: 3/1
display  D   display_settings.c:398  _al_score_display_settings       [   0.08323] Single Buffer requirement not met.
display  D   display_settings.c:212  debug_display_settings           [   0.08325] color: 16 (rgba 5650), depth: 24, stencil: 8, acc: 0000, samples: 4/1
display  D   display_settings.c:398  _al_score_display_settings       [   0.08327] Single Buffer requirement not met.
display  D   display_settings.c:212  debug_display_settings           [   0.08329] color: 16 (rgba 5650), depth: 24, stencil: 0, acc: 0000, samples: 0/0
display  D   display_settings.c:398  _al_score_display_settings       [   0.08331] Single Buffer requirement not met.
display  D   display_settings.c:212  debug_display_settings           [   0.08334] color: 16 (rgba 5650), depth: 24, stencil: 0, acc: 0000, samples: 0/0
display  D   display_settings.c:398  _al_score_display_settings       [   0.08336] Single Buffer requirement not met.
display  D   display_settings.c:212  debug_display_settings           [   0.08337] color: 16 (rgba 5650), depth: 24, stencil: 0, acc: 0000, samples: 2/1
display  D   display_settings.c:398  _al_score_display_settings       [   0.08339] Single Buffer requirement not met.
display  D   display_settings.c:212  debug_display_settings           [   0.08341] color: 16 (rgba 5650), depth: 24, stencil: 0, acc: 0000, samples: 3/1
display  D   display_settings.c:398  _al_score_display_settings       [   0.08343] Single Buffer requirement not met.
display  D   display_settings.c:212  debug_display_settings           [   0.08345] color: 16 (rgba 5650), depth: 24, stencil: 0, acc: 0000, samples: 4/1
display  D   display_settings.c:398  _al_score_display_settings       [   0.08347] Single Buffer requirement not met.
display  D   display_settings.c:212  debug_display_settings           [   0.08349] color: 16 (rgba 5650), depth: 16, stencil: 0, acc: 0000, samples: 0/0
display  D   display_settings.c:398  _al_score_display_settings       [   0.08351] Single Buffer requirement not met.
display  D   display_settings.c:212  debug_display_settings           [   0.08353] color: 16 (rgba 5650), depth: 16, stencil: 0, acc: 0000, samples: 0/0
display  D   display_settings.c:398  _al_score_display_settings       [   0.08355] Single Buffer requirement not met.
display  D   display_settings.c:212  debug_display_settings           [   0.08357] color: 16 (rgba 5650), depth: 16, stencil: 0, acc: 0000, samples: 2/1
display  D   display_settings.c:398  _al_score_display_settings       [   0.08359] Single Buffer requirement not met.
display  D   display_settings.c:212  debug_display_settings           [   0.08361] color: 16 (rgba 5650), depth: 16, stencil: 0, acc: 0000, samples: 3/1
display  D   display_settings.c:398  _al_score_display_settings       [   0.08363] Single Buffer requirement not met.
display  D   display_settings.c:212  debug_display_settings           [   0.08365] color: 16 (rgba 5650), depth: 16, stencil: 0, acc: 0000, samples: 4/1
display  D   display_settings.c:398  _al_score_display_settings       [   0.08367] Single Buffer requirement not met.
display  D   display_settings.c:212  debug_display_settings           [   0.08369] color: 32 (rgba 8880), depth: 0, stencil: 0, acc: 0000, samples: 0/0
display  D   display_settings.c:527  _al_score_display_settings       [   0.08371] Score is : 769
display  D   display_settings.c:212  debug_display_settings           [   0.08373] color: 32 (rgba 8880), depth: 0, stencil: 0, acc: 0000, samples: 0/0
display  D   display_settings.c:527  _al_score_display_settings       [   0.08375] Score is : 769
display  D   display_settings.c:212  debug_display_settings           [   0.08377] color: 32 (rgba 8880), depth: 0, stencil: 0, acc: 0000, samples: 2/1
display  D   display_settings.c:527  _al_score_display_settings       [   0.08379] Score is : 598
display  D   display_settings.c:212  debug_display_settings           [   0.08381] color: 32 (rgba 8880), depth: 0, stencil: 0, acc: 0000, samples: 3/1
display  D   display_settings.c:527  _al_score_display_settings       [   0.08383] Score is : 593
display  D   display_settings.c:212  debug_display_settings           [   0.08385] color: 32 (rgba 8880), depth: 0, stencil: 0, acc: 0000, samples: 4/1
display  D   display_settings.c:527  _al_score_display_settings       [   0.08387] Score is : 589
display  D   display_settings.c:212  debug_display_settings           [   0.08388] color: 32 (rgba 8880), depth: 24, stencil: 8, acc: 0000, samples: 0/0
display  D   display_settings.c:527  _al_score_display_settings       [   0.08390] Score is : 769
display  D   display_settings.c:212  debug_display_settings           [   0.08392] color: 32 (rgba 8880), depth: 24, stencil: 8, acc: 0000, samples: 0/0
display  D   display_settings.c:527  _al_score_display_settings       [   0.08396] Score is : 769
display  D   display_settings.c:212  debug_display_settings           [   0.08398] color: 32 (rgba 8880), depth: 24, stencil: 8, acc: 0000, samples: 2/1
display  D   display_settings.c:527  _al_score_display_settings       [   0.08401] Score is : 598
display  D   display_settings.c:212  debug_display_settings           [   0.08402] color: 32 (rgba 8880), depth: 24, stencil: 8, acc: 0000, samples: 3/1
display  D   display_settings.c:527  _al_score_display_settings       [   0.08404] Score is : 593
display  D   display_settings.c:212  debug_display_settings           [   0.08408] color: 32 (rgba 8880), depth: 24, stencil: 8, acc: 0000, samples: 4/1
display  D   display_settings.c:527  _al_score_display_settings       [   0.08416] Score is : 589
display  D   display_settings.c:212  debug_display_settings           [   0.08423] color: 32 (rgba 8880), depth: 24, stencil: 0, acc: 0000, samples: 0/0
display  D   display_settings.c:527  _al_score_display_settings       [   0.08425] Score is : 769
display  D   display_settings.c:212  debug_display_settings           [   0.08427] color: 32 (rgba 8880), depth: 24, stencil: 0, acc: 0000, samples: 0/0
display  D   display_settings.c:527  _al_score_display_settings       [   0.08429] Score is : 769
display  D   display_settings.c:212  debug_display_settings           [   0.08431] color: 32 (rgba 8880), depth: 24, stencil: 0, acc: 0000, samples: 2/1
display  D   display_settings.c:527  _al_score_display_settings       [   0.08433] Score is : 598
display  D   display_settings.c:212  debug_display_settings           [   0.08435] color: 32 (rgba 8880), depth: 24, stencil: 0, acc: 0000, samples: 3/1
display  D   display_settings.c:527  _al_score_display_settings       [   0.08437] Score is : 593
display  D   display_settings.c:212  debug_display_settings           [   0.08439] color: 32 (rgba 8880), depth: 24, stencil: 0, acc: 0000, samples: 4/1
display  D   display_settings.c:527  _al_score_display_settings       [   0.08441] Score is : 589
display  D   display_settings.c:212  debug_display_settings           [   0.08442] color: 32 (rgba 8880), depth: 16, stencil: 0, acc: 0000, samples: 0/0
display  D   display_settings.c:527  _al_score_display_settings       [   0.08444] Score is : 769
display  D   display_settings.c:212  debug_display_settings           [   0.08446] color: 32 (rgba 8880), depth: 16, stencil: 0, acc: 0000, samples: 0/0
display  D   display_settings.c:527  _al_score_display_settings       [   0.08448] Score is : 769
display  D   display_settings.c:212  debug_display_settings           [   0.08450] color: 32 (rgba 8880), depth: 16, stencil: 0, acc: 0000, samples: 2/1
display  D   display_settings.c:527  _al_score_display_settings       [   0.08452] Score is : 598
display  D   display_settings.c:212  debug_display_settings           [   0.08454] color: 32 (rgba 8880), depth: 16, stencil: 0, acc: 0000, samples: 3/1
display  D   display_settings.c:527  _al_score_display_settings       [   0.08456] Score is : 593
display  D   display_settings.c:212  debug_display_settings           [   0.08458] color: 32 (rgba 8880), depth: 16, stencil: 0, acc: 0000, samples: 4/1
display  D   display_settings.c:527  _al_score_display_settings       [   0.08460] Score is : 589
display  D   display_settings.c:212  debug_display_settings           [   0.08462] color: 16 (rgba 5650), depth: 0, stencil: 0, acc: 0000, samples: 0/0
display  D   display_settings.c:527  _al_score_display_settings       [   0.08464] Score is : 769
display  D   display_settings.c:212  debug_display_settings           [   0.08465] color: 16 (rgba 5650), depth: 0, stencil: 0, acc: 0000, samples: 0/0
display  D   display_settings.c:527  _al_score_display_settings       [   0.08467] Score is : 769
display  D   display_settings.c:212  debug_display_settings           [   0.08469] color: 16 (rgba 5650), depth: 0, stencil: 0, acc: 0000, samples: 2/1
display  D   display_settings.c:527  _al_score_display_settings       [   0.08472] Score is : 598
display  D   display_settings.c:212  debug_display_settings           [   0.08474] color: 16 (rgba 5650), depth: 0, stencil: 0, acc: 0000, samples: 3/1
display  D   display_settings.c:527  _al_score_display_settings       [   0.08476] Score is : 593
display  D   display_settings.c:212  debug_display_settings           [   0.08478] color: 16 (rgba 5650), depth: 0, stencil: 0, acc: 0000, samples: 4/1
display  D   display_settings.c:527  _al_score_display_settings       [   0.08480] Score is : 589
display  D   display_settings.c:212  debug_display_settings           [   0.08482] color: 16 (rgba 5650), depth: 24, stencil: 8, acc: 0000, samples: 0/0
display  D   display_settings.c:527  _al_score_display_settings       [   0.08484] Score is : 769
display  D   display_settings.c:212  debug_display_settings           [   0.08485] color: 16 (rgba 5650), depth: 24, stencil: 8, acc: 0000, samples: 0/0
display  D   display_settings.c:527  _al_score_display_settings       [   0.08487] Score is : 769
display  D   display_settings.c:212  debug_display_settings           [   0.08489] color: 16 (rgba 5650), depth: 24, stencil: 8, acc: 0000, samples: 2/1
display  D   display_settings.c:527  _al_score_display_settings       [   0.08491] Score is : 598
display  D   display_settings.c:212  debug_display_settings           [   0.08493] color: 16 (rgba 5650), depth: 24, stencil: 8, acc: 0000, samples: 3/1
display  D   display_settings.c:527  _al_score_display_settings       [   0.08497] Score is : 593
display  D   display_settings.c:212  debug_display_settings           [   0.08499] color: 16 (rgba 5650), depth: 24, stencil: 8, acc: 0000, samples: 4/1
display  D   display_settings.c:527  _al_score_display_settings       [   0.08503] Score is : 589
display  D   display_settings.c:212  debug_display_settings           [   0.08504] color: 16 (rgba 5650), depth: 24, stencil: 0, acc: 0000, samples: 0/0
display  D   display_settings.c:527  _al_score_display_settings       [   0.08507] Score is : 769
display  D   display_settings.c:212  debug_display_settings           [   0.08508] color: 16 (rgba 5650), depth: 24, stencil: 0, acc: 0000, samples: 0/0
display  D   display_settings.c:527  _al_score_display_settings       [   0.08510] Score is : 769
display  D   display_settings.c:212  debug_display_settings           [   0.08512] color: 16 (rgba 5650), depth: 24, stencil: 0, acc: 0000, samples: 2/1
display  D   display_settings.c:527  _al_score_display_settings       [   0.08514] Score is : 598
display  D   display_settings.c:212  debug_display_settings           [   0.08516] color: 16 (rgba 5650), depth: 24, stencil: 0, acc: 0000, samples: 3/1
display  D   display_settings.c:527  _al_score_display_settings       [   0.08518] Score is : 593
display  D   display_settings.c:212  debug_display_settings           [   0.08520] color: 16 (rgba 5650), depth: 24, stencil: 0, acc: 0000, samples: 4/1
display  D   display_settings.c:527  _al_score_display_settings       [   0.08522] Score is : 589
display  D   display_settings.c:212  debug_display_settings           [   0.08524] color: 16 (rgba 5650), depth: 16, stencil: 0, acc: 0000, samples: 0/0
display  D   display_settings.c:527  _al_score_display_settings       [   0.08526] Score is : 769
display  D   display_settings.c:212  debug_display_settings           [   0.08528] color: 16 (rgba 5650), depth: 16, stencil: 0, acc: 0000, samples: 0/0
display  D   display_settings.c:527  _al_score_display_settings       [   0.08530] Score is : 769
display  D   display_settings.c:212  debug_display_settings           [   0.08531] color: 16 (rgba 5650), depth: 16, stencil: 0, acc: 0000, samples: 2/1
display  D   display_settings.c:527  _al_score_display_settings       [   0.08533] Score is : 598
display  D   display_settings.c:212  debug_display_settings           [   0.08535] color: 16 (rgba 5650), depth: 16, stencil: 0, acc: 0000, samples: 3/1
display  D   display_settings.c:527  _al_score_display_settings       [   0.08543] Score is : 593
display  D   display_settings.c:212  debug_display_settings           [   0.08546] color: 16 (rgba 5650), depth: 16, stencil: 0, acc: 0000, samples: 4/1
display  D   display_settings.c:527  _al_score_display_settings       [   0.08548] Score is : 589
display  D   display_settings.c:212  debug_display_settings           [   0.08550] color: 32 (rgba 8880), depth: 0, stencil: 0, acc: 0000, samples: 0/0
display  D   display_settings.c:398  _al_score_display_settings       [   0.08552] Single Buffer requirement not met.
display  D   display_settings.c:212  debug_display_settings           [   0.08554] color: 32 (rgba 8880), depth: 0, stencil: 0, acc: 0000, samples: 0/0
display  D   display_settings.c:398  _al_score_display_settings       [   0.08556] Single Buffer requirement not met.
display  D   display_settings.c:212  debug_display_settings           [   0.08558] color: 32 (rgba 8880), depth: 0, stencil: 0, acc: 0000, samples: 2/1
display  D   display_settings.c:398  _al_score_display_settings       [   0.08560] Single Buffer requirement not met.
display  D   display_settings.c:212  debug_display_settings           [   0.08561] color: 32 (rgba 8880), depth: 0, stencil: 0, acc: 0000, samples: 3/1
display  D   display_settings.c:398  _al_score_display_settings       [   0.08563] Single Buffer requirement not met.
display  D   display_settings.c:212  debug_display_settings           [   0.08565] color: 32 (rgba 8880), depth: 0, stencil: 0, acc: 0000, samples: 4/1
display  D   display_settings.c:398  _al_score_display_settings       [   0.08567] Single Buffer requirement not met.
display  D   display_settings.c:212  debug_display_settings           [   0.08569] color: 32 (rgba 8880), depth: 24, stencil: 8, acc: 0000, samples: 0/0
display  D   display_settings.c:398  _al_score_display_settings       [   0.08571] Single Buffer requirement not met.
display  D   display_settings.c:212  debug_display_settings           [   0.08573] color: 32 (rgba 8880), depth: 24, stencil: 8, acc: 0000, samples: 0/0
display  D   display_settings.c:398  _al_score_display_settings       [   0.08575] Single Buffer requirement not met.
display  D   display_settings.c:212  debug_display_settings           [   0.08577] color: 32 (rgba 8880), depth: 24, stencil: 8, acc: 0000, samples: 2/1
display  D   display_settings.c:398  _al_score_display_settings       [   0.08579] Single Buffer requirement not met.
display  D   display_settings.c:212  debug_display_settings           [   0.08581] color: 32 (rgba 8880), depth: 24, stencil: 8, acc: 0000, samples: 3/1
display  D   display_settings.c:398  _al_score_display_settings       [   0.08583] Single Buffer requirement not met.
display  D   display_settings.c:212  debug_display_settings           [   0.08584] color: 32 (rgba 8880), depth: 24, stencil: 8, acc: 0000, samples: 4/1
display  D   display_settings.c:398  _al_score_display_settings       [   0.08586] Single Buffer requirement not met.
display  D   display_settings.c:212  debug_display_settings           [   0.08588] color: 32 (rgba 8880), depth: 24, stencil: 0, acc: 0000, samples: 0/0
display  D   display_settings.c:398  _al_score_display_settings       [   0.08590] Single Buffer requirement not met.
display  D   display_settings.c:212  debug_display_settings           [   0.08592] color: 32 (rgba 8880), depth: 24, stencil: 0, acc: 0000, samples: 0/0
display  D   display_settings.c:398  _al_score_display_settings       [   0.08594] Single Buffer requirement not met.
display  D   display_settings.c:212  debug_display_settings           [   0.08598] color: 32 (rgba 8880), depth: 24, stencil: 0, acc: 0000, samples: 2/1
display  D   display_settings.c:398  _al_score_display_settings       [   0.08602] Single Buffer requirement not met.
display  D   display_settings.c:212  debug_display_settings           [   0.08604] color: 32 (rgba 8880), depth: 24, stencil: 0, acc: 0000, samples: 3/1
display  D   display_settings.c:398  _al_score_display_settings       [   0.08606] Single Buffer requirement not met.
display  D   display_settings.c:212  debug_display_settings           [   0.08608] color: 32 (rgba 8880), depth: 24, stencil: 0, acc: 0000, samples: 4/1
display  D   display_settings.c:398  _al_score_display_settings       [   0.08610] Single Buffer requirement not met.
display  D   display_settings.c:212  debug_display_settings           [   0.08612] color: 32 (rgba 8880), depth: 16, stencil: 0, acc: 0000, samples: 0/0
display  D   display_settings.c:398  _al_score_display_settings       [   0.08614] Single Buffer requirement not met.
display  D   display_settings.c:212  debug_display_settings           [   0.08615] color: 32 (rgba 8880), depth: 16, stencil: 0, acc: 0000, samples: 0/0
display  D   display_settings.c:398  _al_score_display_settings       [   0.08617] Single Buffer requirement not met.
display  D   display_settings.c:212  debug_display_settings           [   0.08619] color: 32 (rgba 8880), depth: 16, stencil: 0, acc: 0000, samples: 2/1
display  D   display_settings.c:398  _al_score_display_settings       [   0.08621] Single Buffer requirement not met.
display  D   display_settings.c:212  debug_display_settings           [   0.08623] color: 32 (rgba 8880), depth: 16, stencil: 0, acc: 0000, samples: 3/1
display  D   display_settings.c:398  _al_score_display_settings       [   0.08625] Single Buffer requirement not met.
display  D   display_settings.c:212  debug_display_settings           [   0.08627] color: 32 (rgba 8880), depth: 16, stencil: 0, acc: 0000, samples: 4/1
display  D   display_settings.c:398  _al_score_display_settings       [   0.08629] Single Buffer requirement not met.
display  D   display_settings.c:212  debug_display_settings           [   0.08631] color: 16 (rgba 5650), depth: 0, stencil: 0, acc: 0000, samples: 0/0
display  D   display_settings.c:398  _al_score_display_settings       [   0.08633] Single Buffer requirement not met.
display  D   display_settings.c:212  debug_display_settings           [   0.08635] color: 16 (rgba 5650), depth: 0, stencil: 0, acc: 0000, samples: 0/0
display  D   display_settings.c:398  _al_score_display_settings       [   0.08637] Single Buffer requirement not met.
display  D   display_settings.c:212  debug_display_settings           [   0.08638] color: 16 (rgba 5650), depth: 0, stencil: 0, acc: 0000, samples: 2/1
display  D   display_settings.c:398  _al_score_display_settings       [   0.08640] Single Buffer requirement not met.
display  D   display_settings.c:212  debug_display_settings           [   0.08642] color: 16 (rgba 5650), depth: 0, stencil: 0, acc: 0000, samples: 3/1
display  D   display_settings.c:398  _al_score_display_settings       [   0.08644] Single Buffer requirement not met.
display  D   display_settings.c:212  debug_display_settings           [   0.08646] color: 16 (rgba 5650), depth: 0, stencil: 0, acc: 0000, samples: 4/1
display  D   display_settings.c:398  _al_score_display_settings       [   0.08648] Single Buffer requirement not met.
display  D   display_settings.c:212  debug_display_settings           [   0.08650] color: 16 (rgba 5650), depth: 24, stencil: 8, acc: 0000, samples: 0/0
display  D   display_settings.c:398  _al_score_display_settings       [   0.08652] Single Buffer requirement not met.
display  D   display_settings.c:212  debug_display_settings           [   0.08654] color: 16 (rgba 5650), depth: 24, stencil: 8, acc: 0000, samples: 0/0
display  D   display_settings.c:398  _al_score_display_settings       [   0.08656] Single Buffer requirement not met.
display  D   display_settings.c:212  debug_display_settings           [   0.08658] color: 16 (rgba 5650), depth: 24, stencil: 8, acc: 0000, samples: 2/1
display  D   display_settings.c:398  _al_score_display_settings       [   0.08660] Single Buffer requirement not met.
display  D   display_settings.c:212  debug_display_settings           [   0.08662] color: 16 (rgba 5650), depth: 24, stencil: 8, acc: 0000, samples: 3/1
display  D   display_settings.c:398  _al_score_display_settings       [   0.08664] Single Buffer requirement not met.
display  D   display_settings.c:212  debug_display_settings           [   0.08666] color: 16 (rgba 5650), depth: 24, stencil: 8, acc: 0000, samples: 4/1
display  D   display_settings.c:398  _al_score_display_settings       [   0.08668] Single Buffer requirement not met.
display  D   display_settings.c:212  debug_display_settings           [   0.08670] color: 16 (rgba 5650), depth: 24, stencil: 0, acc: 0000, samples: 0/0
display  D   display_settings.c:398  _al_score_display_settings       [   0.08672] Single Buffer requirement not met.
display  D   display_settings.c:212  debug_display_settings           [   0.08673] color: 16 (rgba 5650), depth: 24, stencil: 0, acc: 0000, samples: 0/0
display  D   display_settings.c:398  _al_score_display_settings       [   0.08675] Single Buffer requirement not met.
display  D   display_settings.c:212  debug_display_settings           [   0.08677] color: 16 (rgba 5650), depth: 24, stencil: 0, acc: 0000, samples: 2/1
display  D   display_settings.c:398  _al_score_display_settings       [   0.08679] Single Buffer requirement not met.
display  D   display_settings.c:212  debug_display_settings           [   0.08681] color: 16 (rgba 5650), depth: 24, stencil: 0, acc: 0000, samples: 3/1
display  D   display_settings.c:398  _al_score_display_settings       [   0.08683] Single Buffer requirement not met.
display  D   display_settings.c:212  debug_display_settings           [   0.08685] color: 16 (rgba 5650), depth: 24, stencil: 0, acc: 0000, samples: 4/1
display  D   display_settings.c:398  _al_score_display_settings       [   0.08687] Single Buffer requirement not met.
display  D   display_settings.c:212  debug_display_settings           [   0.08689] color: 16 (rgba 5650), depth: 16, stencil: 0, acc: 0000, samples: 0/0
display  D   display_settings.c:398  _al_score_display_settings       [   0.08691] Single Buffer requirement not met.
display  D   display_settings.c:212  debug_display_settings           [   0.08693] color: 16 (rgba 5650), depth: 16, stencil: 0, acc: 0000, samples: 0/0
display  D   display_settings.c:398  _al_score_display_settings       [   0.08697] Single Buffer requirement not met.
display  D   display_settings.c:212  debug_display_settings           [   0.08699] color: 16 (rgba 5650), depth: 16, stencil: 0, acc: 0000, samples: 2/1
display  D   display_settings.c:398  _al_score_display_settings       [   0.08702] Single Buffer requirement not met.
display  D   display_settings.c:212  debug_display_settings           [   0.08704] color: 16 (rgba 5650), depth: 16, stencil: 0, acc: 0000, samples: 3/1
display  D   display_settings.c:398  _al_score_display_settings       [   0.08706] Single Buffer requirement not met.
display  D   display_settings.c:212  debug_display_settings           [   0.08708] color: 16 (rgba 5650), depth: 16, stencil: 0, acc: 0000, samples: 4/1
display  D   display_settings.c:398  _al_score_display_settings       [   0.08710] Single Buffer requirement not met.
d3d      D         d3d_disp.cpp:1682 d3d_create_display_internals     [   0.08715] Trying format 0.
d3d      I         d3d_disp.cpp:1358 d3d_display_thread_proc          [   0.08749] Chose a display format: 23
d3d      I         d3d_disp.cpp:1427 d3d_display_thread_proc          [   0.08757] Normal window.
d3d      I         d3d_disp.cpp:791  d3d_create_device                [   0.11792] Using no depth stencil buffer
d3d      D         d3d_disp.cpp:853  d3d_create_device                [   0.24796] BeginScene succeeded in create_device
d3d      D         d3d_disp.cpp:861  d3d_create_device                [   0.24805] Success
d3d      D         d3d_disp.cpp:1705 d3d_create_display_internals     [   0.24811] Resumed after wait.
d3d      I         d3d_disp.cpp:1738 d3d_create_display_internals     [   0.24820] Format 0 succeeded.
d3d      D         d3d_disp.cpp:1769 d3d_create_display_internals     [   0.24824] Returning d3d_display: 000000000018ea10
d3d      D         d3d_disp.cpp:1794 d3d_create_display_locked        [   0.24827] al_display=000000000018ea10
d3d      D         d3d_disp.cpp:1795 d3d_create_display_locked        [   0.24832] al_display->vt=000000000018e8a0
system   D            wsystem.c:874  _al_win_safe_load_library        [   0.24867] PathFindOnPath found: C:\WINDOWS\system32\d3dx9_43.dll
system   D            wsystem.c:780  load_library_at_path             [   0.24871] Calling LoadLibrary C:\WINDOWS\system32\d3dx9_43.dll
system   I            wsystem.c:783  load_library_at_path             [   0.25099] Loaded C:\WINDOWS\system32\d3dx9_43.dll
d3dx9    I        d3d_d3dx9.cpp:88   _imp_load_d3dx9_module_version   [   0.25108] Module "d3dx9_43.dll" loaded.
dtor     D               dtor.c:196  _al_register_destructor          [   0.25118] added dtor for queue 000000000260aab0, func 00007ff8040fc5dc
dtor     D               dtor.c:196  _al_register_destructor          [   0.25678] added dtor for timer 000000000260c5c0, func 00007ff80410fb3b
stdio    D         file_stdio.c:110  file_stdio_fopen                 [   0.25686] opening ./image/icon.jpg rb
stdio    D         file_stdio.c:110  file_stdio_fopen                 [   0.25737] opening ./image/icon.jpg rb
d3d      D         d3d_disp.cpp:1202 real_choose_bitmap_format        [   0.25769] Fake format
d3d      D         d3d_disp.cpp:1202 real_choose_bitmap_format        [   0.25773] Fake format
d3d      D         d3d_disp.cpp:1202 real_choose_bitmap_format        [   0.25775] Fake format
d3d      D         d3d_disp.cpp:1202 real_choose_bitmap_format        [   0.25777] Fake format
d3d      D         d3d_disp.cpp:1202 real_choose_bitmap_format        [   0.25779] Fake format
d3d      D         d3d_disp.cpp:1202 real_choose_bitmap_format        [   0.25781] Fake format
d3d      D         d3d_disp.cpp:1202 real_choose_bitmap_format        [   0.25782] Fake format
d3d      D         d3d_disp.cpp:1202 real_choose_bitmap_format        [   0.25784] Fake format
d3d      D         d3d_disp.cpp:1202 real_choose_bitmap_format        [   0.25786] Fake format
d3d      D         d3d_disp.cpp:1210 real_choose_bitmap_format        [   0.25788] Alpha doesn't match
d3d      D         d3d_disp.cpp:1217 real_choose_bitmap_format        [   0.25793] Adapter format is 23
d3d      D         d3d_disp.cpp:1220 real_choose_bitmap_format        [   0.25796] Found a format
d3d      I         d3d_disp.cpp:2391 d3d_create_bitmap                [   0.25798] Chose bitmap format 9
dtor     D               dtor.c:196  _al_register_destructor          [   0.25902] added dtor for bitmap 0000000002616500, func 00007ff8040d1bea
d3d      D         d3d_disp.cpp:1202 real_choose_bitmap_format        [   0.26252] Fake format
d3d      D         d3d_disp.cpp:1202 real_choose_bitmap_format        [   0.26260] Fake format
d3d      D         d3d_disp.cpp:1202 real_choose_bitmap_format        [   0.26267] Fake format
d3d      D         d3d_disp.cpp:1202 real_choose_bitmap_format        [   0.26269] Fake format
d3d      D         d3d_disp.cpp:1202 real_choose_bitmap_format        [   0.26273] Fake format
d3d      D         d3d_disp.cpp:1202 real_choose_bitmap_format        [   0.26276] Fake format
d3d      D         d3d_disp.cpp:1202 real_choose_bitmap_format        [   0.26278] Fake format
d3d      D         d3d_disp.cpp:1202 real_choose_bitmap_format        [   0.26280] Fake format
d3d      D         d3d_disp.cpp:1202 real_choose_bitmap_format        [   0.26282] Fake format
d3d      D         d3d_disp.cpp:1210 real_choose_bitmap_format        [   0.26285] Alpha doesn't match
d3d      D         d3d_disp.cpp:1217 real_choose_bitmap_format        [   0.26290] Adapter format is 23
d3d      D         d3d_disp.cpp:1220 real_choose_bitmap_format        [   0.26293] Found a format
d3d      I         d3d_disp.cpp:2391 d3d_create_bitmap                [   0.26300] Chose bitmap format 9
dtor     D               dtor.c:196  _al_register_destructor          [   0.26613] added dtor for bitmap 00000000026a5700, func 00007ff8040d1bea
d3d      D          d3d_bmp.cpp:539  _al_d3d_sync_bitmap              [   0.26908] _al_d3d_sync_bitmap (system) ref count == 1
d3d      D          d3d_bmp.cpp:545  _al_d3d_sync_bitmap              [   0.26919] _al_d3d_sync_bitmap (video) ref count == 1
dtor     D               dtor.c:227  _al_unregister_destructor        [   0.27335] removed dtor for bitmap 00000000026a5700
d3d      D         d3d_disp.cpp:1202 real_choose_bitmap_format        [   0.27414] Fake format
d3d      D         d3d_disp.cpp:1202 real_choose_bitmap_format        [   0.27421] Fake format
d3d      D         d3d_disp.cpp:1202 real_choose_bitmap_format        [   0.27425] Fake format
d3d      D         d3d_disp.cpp:1202 real_choose_bitmap_format        [   0.27429] Fake format
d3d      D         d3d_disp.cpp:1202 real_choose_bitmap_format        [   0.27431] Fake format
d3d      D         d3d_disp.cpp:1202 real_choose_bitmap_format        [   0.27433] Fake format
d3d      D         d3d_disp.cpp:1202 real_choose_bitmap_format        [   0.27435] Fake format
d3d      D         d3d_disp.cpp:1202 real_choose_bitmap_format        [   0.27437] Fake format
d3d      D         d3d_disp.cpp:1202 real_choose_bitmap_format        [   0.27440] Fake format
d3d      D         d3d_disp.cpp:1210 real_choose_bitmap_format        [   0.27442] Alpha doesn't match
d3d      D         d3d_disp.cpp:1217 real_choose_bitmap_format        [   0.27445] Adapter format is 23
d3d      D         d3d_disp.cpp:1220 real_choose_bitmap_format        [   0.27447] Found a format
d3d      I         d3d_disp.cpp:2391 d3d_create_bitmap                [   0.27449] Chose bitmap format 9
dtor     D               dtor.c:196  _al_register_destructor          [   0.27497] added dtor for bitmap 00000000026a5700, func 00007ff8040d1bea
d3d      D          d3d_bmp.cpp:539  _al_d3d_sync_bitmap              [   0.28028] _al_d3d_sync_bitmap (system) ref count == 1
d3d      D          d3d_bmp.cpp:545  _al_d3d_sync_bitmap              [   0.28031] _al_d3d_sync_bitmap (video) ref count == 1
dtor     D               dtor.c:227  _al_unregister_destructor        [   0.28392] removed dtor for bitmap 00000000026a5700
stdio    D         file_stdio.c:110  file_stdio_fopen                 [   0.28513] opening ./sound/hello.wav rb
wav      E                wav.c:121  wav_open                         [   0.28556] Bad RIFF type.
dtor     D               dtor.c:196  _al_register_destructor          [   0.28563] added dtor for sample 0000000002609b00, func 00007ff804201a1d
audio-dsound D           dsound.cpp:311  _dsound_allocate_voice           [   0.30241] Allocating voice
audio-dsound D           dsound.cpp:370  _dsound_allocate_voice           [   0.30249] Allocated voice
dtor     D               dtor.c:196  _al_register_destructor          [   0.30252] added dtor for voice 0000000002601f30, func 00007ff804205024
dtor     D               dtor.c:196  _al_register_destructor          [   0.30255] added dtor for mixer 00000000026a5700, func 00007ff8042004dc
audio-dsound D           dsound.cpp:466  _dsound_start_voice              [   0.30258] Starting voice
audio-dsound D           dsound.cpp:494  _dsound_start_voice              [   0.30259] CreateSoundBuffer
audio-dsound D           dsound.cpp:502  _dsound_start_voice              [   0.30482] CreateSoundBuffer succeeded
audio-dsound D           dsound.cpp:508  _dsound_start_voice              [   0.30489] Starting _dsound_update thread
audio-dsound I           dsound.cpp:518  _dsound_start_voice              [   0.30503] Voice started
dtor     D               dtor.c:196  _al_register_destructor          [   0.30509] added dtor for sample_instance 00000000026a5d70, func 00007ff8041f929b
audio    D          kcm_mixer.c:121  _al_rechannel_matrix             [   0.30514] sample matrix:
audio    D          kcm_mixer.c:127  _al_rechannel_matrix             [   0.30519] 
audio    D          kcm_mixer.c:127  _al_rechannel_matrix             [   0.30523] 
dtor     D               dtor.c:196  _al_register_destructor          [   0.30525] added dtor for sample_instance 00000000026a5e90, func 00007ff8041f929b
audio    D          kcm_mixer.c:121  _al_rechannel_matrix             [   0.30528] sample matrix:
audio    D          kcm_mixer.c:127  _al_rechannel_matrix             [   0.30530] 
audio    D          kcm_mixer.c:127  _al_rechannel_matrix             [   0.30532] 
dtor     D               dtor.c:196  _al_register_destructor          [   0.30535] added dtor for sample_instance 00000000026a5a90, func 00007ff8041f929b
audio    D          kcm_mixer.c:121  _al_rechannel_matrix             [   0.30554] sample matrix:
audio    D          kcm_mixer.c:127  _al_rechannel_matrix             [   0.30558] 
audio    D          kcm_mixer.c:127  _al_rechannel_matrix             [   0.30560] 
dtor     D               dtor.c:196  _al_register_destructor          [   0.30562] added dtor for sample_instance 00000000026a5bb0, func 00007ff8041f929b
audio    D          kcm_mixer.c:121  _al_rechannel_matrix             [   0.30565] sample matrix:
audio    D          kcm_mixer.c:127  _al_rechannel_matrix             [   0.30567] 
audio    D          kcm_mixer.c:127  _al_rechannel_matrix             [   0.30568] 
dtor     D               dtor.c:196  _al_register_destructor          [   0.30570] added dtor for sample_instance 0000000002611380, func 00007ff8041f929b
audio    D          kcm_mixer.c:121  _al_rechannel_matrix             [   0.30573] sample matrix:
audio    D          kcm_mixer.c:127  _al_rechannel_matrix             [   0.30574] 
audio    D          kcm_mixer.c:127  _al_rechannel_matrix             [   0.30576] 
dtor     D               dtor.c:196  _al_register_destructor          [   0.30578] added dtor for sample_instance 00000000026114a0, func 00007ff8041f929b
audio    D          kcm_mixer.c:121  _al_rechannel_matrix             [   0.30580] sample matrix:
audio    D          kcm_mixer.c:127  _al_rechannel_matrix             [   0.30582] 
audio    D          kcm_mixer.c:127  _al_rechannel_matrix             [   0.30584] 
dtor     D               dtor.c:196  _al_register_destructor          [   0.30586] added dtor for sample_instance 00000000026115c0, func 00007ff8041f929b
audio    D          kcm_mixer.c:121  _al_rechannel_matrix             [   0.30588] sample matrix:
audio    D          kcm_mixer.c:127  _al_rechannel_matrix             [   0.30590] 
audio    D          kcm_mixer.c:127  _al_rechannel_matrix             [   0.30591] 
dtor     D               dtor.c:196  _al_register_destructor          [   0.30593] added dtor for sample_instance 00000000026116e0, func 00007ff8041f929b
audio    D          kcm_mixer.c:121  _al_rechannel_matrix             [   0.30598] sample matrix:
audio    D          kcm_mixer.c:127  _al_rechannel_matrix             [   0.30600] 
audio    D          kcm_mixer.c:127  _al_rechannel_matrix             [   0.30603] 
dtor     D               dtor.c:196  _al_register_destructor          [   0.30605] added dtor for sample_instance 0000000002611910, func 00007ff8041f929b
audio    D          kcm_mixer.c:121  _al_rechannel_matrix             [   0.30607] sample matrix:
audio    D          kcm_mixer.c:127  _al_rechannel_matrix             [   0.30609] 
audio    D          kcm_mixer.c:127  _al_rechannel_matrix             [   0.30610] 
dtor     D               dtor.c:196  _al_register_destructor          [   0.30612] added dtor for sample_instance 0000000002611a30, func 00007ff8041f929b
audio    D          kcm_mixer.c:121  _al_rechannel_matrix             [   0.30614] sample matrix:
audio    D          kcm_mixer.c:127  _al_rechannel_matrix             [   0.30616] 
audio    D          kcm_mixer.c:127  _al_rechannel_matrix             [   0.30618] 
dtor     D               dtor.c:196  _al_register_destructor          [   0.30620] added dtor for sample_instance 0000000002611b50, func 00007ff8041f929b
audio    D          kcm_mixer.c:121  _al_rechannel_matrix             [   0.30622] sample matrix:
audio    D          kcm_mixer.c:127  _al_rechannel_matrix             [   0.30624] 
audio    D          kcm_mixer.c:127  _al_rechannel_matrix             [   0.30626] 
dtor     D               dtor.c:196  _al_register_destructor          [   0.30629] added dtor for sample_instance 0000000002611de0, func 00007ff8041f929b
audio    D          kcm_mixer.c:121  _al_rechannel_matrix             [   0.30631] sample matrix:
audio    D          kcm_mixer.c:127  _al_rechannel_matrix             [   0.30633] 
audio    D          kcm_mixer.c:127  _al_rechannel_matrix             [   0.30635] 
dtor     D               dtor.c:196  _al_register_destructor          [   0.30637] added dtor for sample_instance 0000000002612380, func 00007ff8041f929b
audio    D          kcm_mixer.c:121  _al_rechannel_matrix             [   0.30639] sample matrix:
audio    D          kcm_mixer.c:127  _al_rechannel_matrix             [   0.30641] 
audio    D          kcm_mixer.c:127  _al_rechannel_matrix             [   0.30643] 
dtor     D               dtor.c:196  _al_register_destructor          [   0.30645] added dtor for sample_instance 0000000002612920, func 00007ff8041f929b
audio    D          kcm_mixer.c:121  _al_rechannel_matrix             [   0.30647] sample matrix:
audio    D          kcm_mixer.c:127  _al_rechannel_matrix             [   0.30649] 
audio    D          kcm_mixer.c:127  _al_rechannel_matrix             [   0.30651] 
dtor     D               dtor.c:196  _al_register_destructor          [   0.30653] added dtor for sample_instance 0000000002612a40, func 00007ff8041f929b
audio    D          kcm_mixer.c:121  _al_rechannel_matrix             [   0.30655] sample matrix:
audio    D          kcm_mixer.c:127  _al_rechannel_matrix             [   0.30657] 
audio    D          kcm_mixer.c:127  _al_rechannel_matrix             [   0.30658] 
dtor     D               dtor.c:196  _al_register_destructor          [   0.30660] added dtor for sample_instance 0000000002611cc0, func 00007ff8041f929b
audio    D          kcm_mixer.c:121  _al_rechannel_matrix             [   0.30662] sample matrix:
audio    D          kcm_mixer.c:127  _al_rechannel_matrix             [   0.30664] 
audio    D          kcm_mixer.c:127  _al_rechannel_matrix             [   0.30666] 
dtor     D               dtor.c:196  _al_register_destructor          [   0.30668] added dtor for sample_instance 0000000002612800, func 00007ff8041f929b
audio    D          kcm_mixer.c:121  _al_rechannel_matrix             [   0.30670] sample matrix:
audio    D          kcm_mixer.c:127  _al_rechannel_matrix             [   0.30672] 
audio    D          kcm_mixer.c:127  _al_rechannel_matrix             [   0.30673] 
dtor     D               dtor.c:196  _al_register_destructor          [   0.30675] added dtor for sample_instance 0000000002611f00, func 00007ff8041f929b
audio    D          kcm_mixer.c:121  _al_rechannel_matrix             [   0.30677] sample matrix:
audio    D          kcm_mixer.c:127  _al_rechannel_matrix             [   0.30679] 
audio    D          kcm_mixer.c:127  _al_rechannel_matrix             [   0.30681] 
dtor     D               dtor.c:196  _al_register_destructor          [   0.30683] added dtor for sample_instance 0000000002612020, func 00007ff8041f929b
audio    D          kcm_mixer.c:121  _al_rechannel_matrix             [   0.30685] sample matrix:
audio    D          kcm_mixer.c:127  _al_rechannel_matrix             [   0.30687] 
audio    D          kcm_mixer.c:127  _al_rechannel_matrix             [   0.30688] 
dtor     D               dtor.c:196  _al_register_destructor          [   0.30690] added dtor for sample_instance 0000000002612140, func 00007ff8041f929b
audio    D          kcm_mixer.c:121  _al_rechannel_matrix             [   0.30692] sample matrix:
audio    D          kcm_mixer.c:127  _al_rechannel_matrix             [   0.30694] 
audio    D          kcm_mixer.c:127  _al_rechannel_matrix             [   0.30698] 
dtor     D               dtor.c:196  _al_register_destructor          [   0.30700] added dtor for sample_instance 0000000002612260, func 00007ff8041f929b
audio    D          kcm_mixer.c:121  _al_rechannel_matrix             [   0.30704] sample matrix:
audio    D          kcm_mixer.c:127  _al_rechannel_matrix             [   0.30706]  0.707107 0.000000
audio    D          kcm_mixer.c:127  _al_rechannel_matrix             [   0.30708]  0.000000 0.707107
stdio    D         file_stdio.c:110  file_stdio_fopen                 [   0.30717] opening ./font/pirulen.ttf rb
font     D                ttf.c:943  al_load_ttf_font_stretch_f       [   0.30776] Font ./font/pirulen.ttf loaded with pixel size 0 x 12.
font     D                ttf.c:945  al_load_ttf_font_stretch_f       [   0.30779]     ascent=12.0, descent=-3.0, height=14.0
dtor     D               dtor.c:196  _al_register_destructor          [   0.30781] added dtor for ttf_font 0000000002607040, func 00007ff8041f4c05
d3d      D         d3d_disp.cpp:1202 real_choose_bitmap_format        [   0.34041] Fake format
d3d      D         d3d_disp.cpp:1202 real_choose_bitmap_format        [   0.34049] Fake format
d3d      D         d3d_disp.cpp:1202 real_choose_bitmap_format        [   0.34051] Fake format
d3d      D         d3d_disp.cpp:1202 real_choose_bitmap_format        [   0.34054] Fake format
d3d      D         d3d_disp.cpp:1202 real_choose_bitmap_format        [   0.34056] Fake format
d3d      D         d3d_disp.cpp:1202 real_choose_bitmap_format        [   0.34058] Fake format
d3d      D         d3d_disp.cpp:1202 real_choose_bitmap_format        [   0.34062] Fake format
d3d      D         d3d_disp.cpp:1202 real_choose_bitmap_format        [   0.34063] Fake format
d3d      D         d3d_disp.cpp:1202 real_choose_bitmap_format        [   0.34067] Fake format
d3d      D         d3d_disp.cpp:1210 real_choose_bitmap_format        [   0.34070] Alpha doesn't match
d3d      D         d3d_disp.cpp:1217 real_choose_bitmap_format        [   0.34073] Adapter format is 23
d3d      D         d3d_disp.cpp:1220 real_choose_bitmap_format        [   0.34076] Found a format
d3d      I         d3d_disp.cpp:2391 d3d_create_bitmap                [   0.34079] Chose bitmap format 9
font     D                ttf.c:243  alloc_glyph_region               [   0.34145] Glyph 50: 13x11 (16x12)
font     D                ttf.c:287  alloc_glyph_region               [   0.34152] Locking glyph region: 000000000a8bfa90 0 0 16 12
font     D                ttf.c:167  unlock_current_page              [   0.34161] Unlocking page: 000000000a8bfa90
font     D                ttf.c:243  alloc_glyph_region               [   0.34183] Glyph 84: 13x11 (16x12)
font     D                ttf.c:287  alloc_glyph_region               [   0.34186] Locking glyph region: 000000000a8bfa90 16 0 16 12
font     D                ttf.c:167  unlock_current_page              [   0.34190] Unlocking page: 000000000a8bfa90
font     D                ttf.c:243  alloc_glyph_region               [   0.34206] Glyph 71: 12x11 (12x12)
font     D                ttf.c:287  alloc_glyph_region               [   0.34208] Locking glyph region: 000000000a8bfa90 32 0 12 12
font     D                ttf.c:167  unlock_current_page              [   0.34212] Unlocking page: 000000000a8bfa90
font     D                ttf.c:243  alloc_glyph_region               [   0.34232] Glyph 85: 13x11 (16x12)
font     D                ttf.c:287  alloc_glyph_region               [   0.34235] Locking glyph region: 000000000a8bfa90 44 0 16 12
font     D                ttf.c:167  unlock_current_page              [   0.34242] Unlocking page: 000000000a8bfa90
font     D                ttf.c:446  cache_glyph                      [   0.34246] Glyph 2 has zero size.
font     D                ttf.c:243  alloc_glyph_region               [   0.34254] Glyph 9: 5x5 (8x8)
font     D                ttf.c:287  alloc_glyph_region               [   0.34256] Locking glyph region: 000000000a8bfa90 60 0 8 8
font     D                ttf.c:167  unlock_current_page              [   0.34261] Unlocking page: 000000000a8bfa90
font     D                ttf.c:243  alloc_glyph_region               [   0.34270] Glyph 39: 12x11 (12x12)
font     D                ttf.c:287  alloc_glyph_region               [   0.34272] Locking glyph region: 000000000a8bfa90 68 0 12 12
font     D                ttf.c:167  unlock_current_page              [   0.34282] Unlocking page: 000000000a8bfa90
font     D                ttf.c:243  alloc_glyph_region               [   0.34293] Glyph 80: 14x11 (16x12)
font     D                ttf.c:287  alloc_glyph_region               [   0.34298] Locking glyph region: 000000000a8bfa90 80 0 16 12
font     D                ttf.c:167  unlock_current_page              [   0.34305] Unlocking page: 000000000a8bfa90
font     D                ttf.c:243  alloc_glyph_region               [   0.34315] Glyph 86: 13x11 (16x12)
font     D                ttf.c:287  alloc_glyph_region               [   0.34318] Locking glyph region: 000000000a8bfa90 96 0 16 12
font     D                ttf.c:167  unlock_current_page              [   0.34322] Unlocking page: 000000000a8bfa90
font     D                ttf.c:243  alloc_glyph_region               [   0.34335] Glyph 81: 14x11 (16x12)
font     D                ttf.c:287  alloc_glyph_region               [   0.34337] Locking glyph region: 000000000a8bfa90 112 0 16 12
font     D                ttf.c:167  unlock_current_page              [   0.34340] Unlocking page: 000000000a8bfa90
font     D                ttf.c:243  alloc_glyph_region               [   0.34351] Glyph 67: 15x11 (16x12)
font     D                ttf.c:287  alloc_glyph_region               [   0.34353] Locking glyph region: 000000000a8bfa90 128 0 16 12
font     D                ttf.c:167  unlock_current_page              [   0.34356] Unlocking page: 000000000a8bfa90
d3d      D          d3d_bmp.cpp:539  _al_d3d_sync_bitmap              [   0.34732] _al_d3d_sync_bitmap (system) ref count == 1
d3d      D          d3d_bmp.cpp:545  _al_d3d_sync_bitmap              [   0.34744] _al_d3d_sync_bitmap (video) ref count == 1
d3d      D          d3d_bmp.cpp:539  _al_d3d_sync_bitmap              [   0.34842] _al_d3d_sync_bitmap (system) ref count == 1
d3d      D          d3d_bmp.cpp:545  _al_d3d_sync_bitmap              [   0.34849] _al_d3d_sync_bitmap (video) ref count == 1
dtor     D               dtor.c:227  _al_unregister_destructor        [   3.42701] removed dtor for ttf_font 0000000002607040
stdio    D         file_stdio.c:110  file_stdio_fopen                 [   3.42732] opening ./image/gunman2.png rb
stdio    D         file_stdio.c:110  file_stdio_fopen                 [   3.42768] opening ./image/gunman2.png rb
d3d      D         d3d_disp.cpp:1202 real_choose_bitmap_format        [   3.42793] Fake format
d3d      D         d3d_disp.cpp:1202 real_choose_bitmap_format        [   3.42798] Fake format
d3d      D         d3d_disp.cpp:1202 real_choose_bitmap_format        [   3.42800] Fake format
d3d      D         d3d_disp.cpp:1202 real_choose_bitmap_format        [   3.42802] Fake format
d3d      D         d3d_disp.cpp:1202 real_choose_bitmap_format        [   3.42804] Fake format
d3d      D         d3d_disp.cpp:1202 real_choose_bitmap_format        [   3.42807] Fake format
d3d      D         d3d_disp.cpp:1202 real_choose_bitmap_format        [   3.42809] Fake format
d3d      D         d3d_disp.cpp:1202 real_choose_bitmap_format        [   3.42810] Fake format
d3d      D         d3d_disp.cpp:1202 real_choose_bitmap_format        [   3.42812] Fake format
d3d      D         d3d_disp.cpp:1210 real_choose_bitmap_format        [   3.42814] Alpha doesn't match
d3d      D         d3d_disp.cpp:1217 real_choose_bitmap_format        [   3.42815] Adapter format is 23
d3d      D         d3d_disp.cpp:1220 real_choose_bitmap_format        [   3.42817] Found a format
d3d      I         d3d_disp.cpp:2391 d3d_create_bitmap                [   3.42819] Chose bitmap format 9
dtor     D               dtor.c:196  _al_register_destructor          [   3.42860] added dtor for bitmap 00000000026161d0, func 00007ff8040d1bea
stdio    D         file_stdio.c:110  file_stdio_fopen                 [   3.42949] opening ./image/gunman3.png rb
stdio    D         file_stdio.c:110  file_stdio_fopen                 [   3.42976] opening ./image/gunman3.png rb
d3d      D         d3d_disp.cpp:1202 real_choose_bitmap_format        [   3.42995] Fake format
d3d      D         d3d_disp.cpp:1202 real_choose_bitmap_format        [   3.42998] Fake format
d3d      D         d3d_disp.cpp:1202 real_choose_bitmap_format        [   3.43000] Fake format
d3d      D         d3d_disp.cpp:1202 real_choose_bitmap_format        [   3.43002] Fake format
d3d      D         d3d_disp.cpp:1202 real_choose_bitmap_format        [   3.43003] Fake format
d3d      D         d3d_disp.cpp:1202 real_choose_bitmap_format        [   3.43005] Fake format
d3d      D         d3d_disp.cpp:1202 real_choose_bitmap_format        [   3.43007] Fake format
d3d      D         d3d_disp.cpp:1202 real_choose_bitmap_format        [   3.43009] Fake format
d3d      D         d3d_disp.cpp:1202 real_choose_bitmap_format        [   3.43010] Fake format
d3d      D         d3d_disp.cpp:1210 real_choose_bitmap_format        [   3.43012] Alpha doesn't match
d3d      D         d3d_disp.cpp:1217 real_choose_bitmap_format        [   3.43014] Adapter format is 23
d3d      D         d3d_disp.cpp:1220 real_choose_bitmap_format        [   3.43015] Found a format
d3d      I         d3d_disp.cpp:2391 d3d_create_bitmap                [   3.43017] Chose bitmap format 9
dtor     D               dtor.c:196  _al_register_destructor          [   3.43063] added dtor for bitmap 000000000a9001b0, func 00007ff8040d1bea
stdio    D         file_stdio.c:110  file_stdio_fopen                 [   3.43153] opening ./image/gunman4.png rb
stdio    D         file_stdio.c:110  file_stdio_fopen                 [   3.43198] opening ./image/gunman4.png rb
d3d      D         d3d_disp.cpp:1202 real_choose_bitmap_format        [   3.43219] Fake format
d3d      D         d3d_disp.cpp:1202 real_choose_bitmap_format        [   3.43222] Fake format
d3d      D         d3d_disp.cpp:1202 real_choose_bitmap_format        [   3.43224] Fake format
d3d      D         d3d_disp.cpp:1202 real_choose_bitmap_format        [   3.43225] Fake format
d3d      D         d3d_disp.cpp:1202 real_choose_bitmap_format        [   3.43227] Fake format
d3d      D         d3d_disp.cpp:1202 real_choose_bitmap_format        [   3.43229] Fake format
d3d      D         d3d_disp.cpp:1202 real_choose_bitmap_format        [   3.43231] Fake format
d3d      D         d3d_disp.cpp:1202 real_choose_bitmap_format        [   3.43232] Fake format
d3d      D         d3d_disp.cpp:1202 real_choose_bitmap_format        [   3.43234] Fake format
d3d      D         d3d_disp.cpp:1210 real_choose_bitmap_format        [   3.43236] Alpha doesn't match
d3d      D         d3d_disp.cpp:1217 real_choose_bitmap_format        [   3.43237] Adapter format is 23
d3d      D         d3d_disp.cpp:1220 real_choose_bitmap_format        [   3.43239] Found a format
d3d      I         d3d_disp.cpp:2391 d3d_create_bitmap                [   3.43241] Chose bitmap format 9
dtor     D               dtor.c:196  _al_register_destructor          [   3.43289] added dtor for bitmap 00000000026136a0, func 00007ff8040d1bea
stdio    D         file_stdio.c:110  file_stdio_fopen                 [   3.43374] opening ./image/shoot1.png rb
stdio    D         file_stdio.c:110  file_stdio_fopen                 [   3.43421] opening ./image/shoot1.png rb
d3d      D         d3d_disp.cpp:1202 real_choose_bitmap_format        [   3.43446] Fake format
d3d      D         d3d_disp.cpp:1202 real_choose_bitmap_format        [   3.43449] Fake format
d3d      D         d3d_disp.cpp:1202 real_choose_bitmap_format        [   3.43451] Fake format
d3d      D         d3d_disp.cpp:1202 real_choose_bitmap_format        [   3.43453] Fake format
d3d      D         d3d_disp.cpp:1202 real_choose_bitmap_format        [   3.43455] Fake format
d3d      D         d3d_disp.cpp:1202 real_choose_bitmap_format        [   3.43457] Fake format
d3d      D         d3d_disp.cpp:1202 real_choose_bitmap_format        [   3.43458] Fake format
d3d      D         d3d_disp.cpp:1202 real_choose_bitmap_format        [   3.43460] Fake format
d3d      D         d3d_disp.cpp:1202 real_choose_bitmap_format        [   3.43462] Fake format
d3d      D         d3d_disp.cpp:1210 real_choose_bitmap_format        [   3.43464] Alpha doesn't match
d3d      D         d3d_disp.cpp:1217 real_choose_bitmap_format        [   3.43466] Adapter format is 23
d3d      D         d3d_disp.cpp:1220 real_choose_bitmap_format        [   3.43468] Found a format
d3d      I         d3d_disp.cpp:2391 d3d_create_bitmap                [   3.43470] Chose bitmap format 9
dtor     D               dtor.c:196  _al_register_destructor          [   3.43520] added dtor for bitmap 000000000a900620, func 00007ff8040d1bea
stdio    D         file_stdio.c:110  file_stdio_fopen                 [   3.43589] opening ./image/shoot2.png rb
stdio    D         file_stdio.c:110  file_stdio_fopen                 [   3.43627] opening ./image/shoot2.png rb
d3d      D         d3d_disp.cpp:1202 real_choose_bitmap_format        [   3.43648] Fake format
d3d      D         d3d_disp.cpp:1202 real_choose_bitmap_format        [   3.43650] Fake format
d3d      D         d3d_disp.cpp:1202 real_choose_bitmap_format        [   3.43652] Fake format
d3d      D         d3d_disp.cpp:1202 real_choose_bitmap_format        [   3.43654] Fake format
d3d      D         d3d_disp.cpp:1202 real_choose_bitmap_format        [   3.43656] Fake format
d3d      D         d3d_disp.cpp:1202 real_choose_bitmap_format        [   3.43658] Fake format
d3d      D         d3d_disp.cpp:1202 real_choose_bitmap_format        [   3.43659] Fake format
d3d      D         d3d_disp.cpp:1202 real_choose_bitmap_format        [   3.43661] Fake format
d3d      D         d3d_disp.cpp:1202 real_choose_bitmap_format        [   3.43663] Fake format
d3d      D         d3d_disp.cpp:1210 real_choose_bitmap_format        [   3.43665] Alpha doesn't match
d3d      D         d3d_disp.cpp:1217 real_choose_bitmap_format        [   3.43666] Adapter format is 23
d3d      D         d3d_disp.cpp:1220 real_choose_bitmap_format        [   3.43668] Found a format
d3d      I         d3d_disp.cpp:2391 d3d_create_bitmap                [   3.43670] Chose bitmap format 9
dtor     D               dtor.c:196  _al_register_destructor          [   3.43712] added dtor for bitmap 00000000026c8600, func 00007ff8040d1bea
stdio    D         file_stdio.c:110  file_stdio_fopen                 [   3.43797] opening ./image/shoot3.png rb
stdio    D         file_stdio.c:110  file_stdio_fopen                 [   3.43838] opening ./image/shoot3.png rb
d3d      D         d3d_disp.cpp:1202 real_choose_bitmap_format        [   3.43861] Fake format
d3d      D         d3d_disp.cpp:1202 real_choose_bitmap_format        [   3.43864] Fake format
d3d      D         d3d_disp.cpp:1202 real_choose_bitmap_format        [   3.43866] Fake format
d3d      D         d3d_disp.cpp:1202 real_choose_bitmap_format        [   3.43868] Fake format
d3d      D         d3d_disp.cpp:1202 real_choose_bitmap_format        [   3.43870] Fake format
d3d      D         d3d_disp.cpp:1202 real_choose_bitmap_format        [   3.43871] Fake format
d3d      D         d3d_disp.cpp:1202 real_choose_bitmap_format        [   3.43873] Fake format
d3d      D         d3d_disp.cpp:1202 real_choose_bitmap_format        [   3.43875] Fake format
d3d      D         d3d_disp.cpp:1202 real_choose_bitmap_format        [   3.43877] Fake format
d3d      D         d3d_disp.cpp:1210 real_choose_bitmap_format        [   3.43878] Alpha doesn't match
d3d      D         d3d_disp.cpp:1217 real_choose_bitmap_format        [   3.43880] Adapter format is 23
d3d      D         d3d_disp.cpp:1220 real_choose_bitmap_format        [   3.43882] Found a format
d3d      I         d3d_disp.cpp:2391 d3d_create_bitmap                [   3.43884] Chose bitmap format 9
dtor     D               dtor.c:196  _al_register_destructor          [   3.43930] added dtor for bitmap 00000000026c87b0, func 00007ff8040d1bea
stdio    D         file_stdio.c:110  file_stdio_fopen                 [   3.44000] opening ./sound/atk_sound.wav rb
wav      E                wav.c:121  wav_open                         [   3.44028] Bad RIFF type.
dtor     D               dtor.c:196  _al_register_destructor          [   3.44032] added dtor for sample 000000000a9018b0, func 00007ff804201a1d
dtor     D               dtor.c:196  _al_register_destructor          [   3.44038] added dtor for sample_instance 00000000026124a0, func 00007ff8041f929b
audio    D          kcm_mixer.c:121  _al_rechannel_matrix             [   3.44042] sample matrix:
audio    D          kcm_mixer.c:127  _al_rechannel_matrix             [   3.44044]  0.500000
audio    D          kcm_mixer.c:127  _al_rechannel_matrix             [   3.44046]  0.500000
stdio    D         file_stdio.c:110  file_stdio_fopen                 [   3.44048] opening ./image/stage1.png rb
stdio    D         file_stdio.c:110  file_stdio_fopen                 [   3.44070] opening ./image/stage1.png rb
d3d      D         d3d_disp.cpp:1202 real_choose_bitmap_format        [   3.44090] Fake format
d3d      D         d3d_disp.cpp:1202 real_choose_bitmap_format        [   3.44093] Fake format
d3d      D         d3d_disp.cpp:1202 real_choose_bitmap_format        [   3.44094] Fake format
d3d      D         d3d_disp.cpp:1202 real_choose_bitmap_format        [   3.44099] Fake format
d3d      D         d3d_disp.cpp:1202 real_choose_bitmap_format        [   3.44101] Fake format
d3d      D         d3d_disp.cpp:1202 real_choose_bitmap_format        [   3.44104] Fake format
d3d      D         d3d_disp.cpp:1202 real_choose_bitmap_format        [   3.44105] Fake format
d3d      D         d3d_disp.cpp:1202 real_choose_bitmap_format        [   3.44107] Fake format
d3d      D         d3d_disp.cpp:1202 real_choose_bitmap_format        [   3.44109] Fake format
d3d      D         d3d_disp.cpp:1210 real_choose_bitmap_format        [   3.44111] Alpha doesn't match
d3d      D         d3d_disp.cpp:1217 real_choose_bitmap_format        [   3.44112] Adapter format is 23
d3d      D         d3d_disp.cpp:1220 real_choose_bitmap_format        [   3.44114] Found a format
d3d      I         d3d_disp.cpp:2391 d3d_create_bitmap                [   3.44116] Chose bitmap format 9
dtor     D               dtor.c:196  _al_register_destructor          [   3.44193] added dtor for bitmap 000000000a9007d0, func 00007ff8040d1bea
d3d      D          d3d_bmp.cpp:539  _al_d3d_sync_bitmap              [   3.51767] _al_d3d_sync_bitmap (system) ref count == 1
d3d      D          d3d_bmp.cpp:545  _al_d3d_sync_bitmap              [   3.51778] _al_d3d_sync_bitmap (video) ref count == 1
d3d      D          d3d_bmp.cpp:539  _al_d3d_sync_bitmap              [   3.51926] _al_d3d_sync_bitmap (system) ref count == 1
d3d      D          d3d_bmp.cpp:545  _al_d3d_sync_bitmap              [   3.51933] _al_d3d_sync_bitmap (video) ref count == 1
d3d      D          d3d_bmp.cpp:539  _al_d3d_sync_bitmap              [   3.51961] _al_d3d_sync_bitmap (system) ref count == 1
d3d      D          d3d_bmp.cpp:545  _al_d3d_sync_bitmap              [   3.51966] _al_d3d_sync_bitmap (video) ref count == 1
d3d      D          d3d_bmp.cpp:539  _al_d3d_sync_bitmap              [   3.51981] _al_d3d_sync_bitmap (system) ref count == 1
d3d      D          d3d_bmp.cpp:545  _al_d3d_sync_bitmap              [   3.51984] _al_d3d_sync_bitmap (video) ref count == 1
d3d      D          d3d_bmp.cpp:539  _al_d3d_sync_bitmap              [   3.51995] _al_d3d_sync_bitmap (system) ref count == 1
d3d      D          d3d_bmp.cpp:545  _al_d3d_sync_bitmap              [   3.51998] _al_d3d_sync_bitmap (video) ref count == 1
d3d      D          d3d_bmp.cpp:539  _al_d3d_sync_bitmap              [   3.52009] _al_d3d_sync_bitmap (system) ref count == 1
d3d      D          d3d_bmp.cpp:545  _al_d3d_sync_bitmap              [   3.52012] _al_d3d_sync_bitmap (video) ref count == 1
d3d      D          d3d_bmp.cpp:539  _al_d3d_sync_bitmap              [   3.52022] _al_d3d_sync_bitmap (system) ref count == 1
d3d      D          d3d_bmp.cpp:545  _al_d3d_sync_bitmap              [   3.52025] _al_d3d_sync_bitmap (video) ref count == 1
dtor     D               dtor.c:227  _al_unregister_destructor        [  14.73460] removed dtor for queue 000000000260aab0
d3d      I         d3d_disp.cpp:915  d3d_destroy_display              [  14.73472] destroying display 000000000018ea10 (current 0000000000000000)
bitmap   D        bitmap_type.c:308  _al_convert_to_memory_bitmap     [  14.73849] converting display bitmap 000000000a9007d0 to memory bitmap
dtor     D               dtor.c:196  _al_register_destructor          [  14.73862] added dtor for bitmap 000000000a900360, func 00007ff8040d1bea
d3d      D          d3d_bmp.cpp:539  _al_d3d_sync_bitmap              [  14.73868] _al_d3d_sync_bitmap (system) ref count == 1
d3d      D          d3d_bmp.cpp:545  _al_d3d_sync_bitmap              [  14.73872] _al_d3d_sync_bitmap (video) ref count == 1
dtor     D               dtor.c:227  _al_unregister_destructor        [  14.74493] removed dtor for bitmap 000000000a900360
bitmap   D        bitmap_type.c:308  _al_convert_to_memory_bitmap     [  14.74553] converting display bitmap 00000000026c87b0 to memory bitmap
dtor     D               dtor.c:196  _al_register_destructor          [  14.74558] added dtor for bitmap 000000000a900360, func 00007ff8040d1bea
d3d      D          d3d_bmp.cpp:539  _al_d3d_sync_bitmap              [  14.74561] _al_d3d_sync_bitmap (system) ref count == 1
d3d      D          d3d_bmp.cpp:545  _al_d3d_sync_bitmap              [  14.74563] _al_d3d_sync_bitmap (video) ref count == 1
dtor     D               dtor.c:227  _al_unregister_destructor        [  14.74609] removed dtor for bitmap 000000000a900360
bitmap   D        bitmap_type.c:308  _al_convert_to_memory_bitmap     [  14.74613] converting display bitmap 00000000026c8600 to memory bitmap
dtor     D               dtor.c:196  _al_register_destructor          [  14.74616] added dtor for bitmap 000000000a900360, func 00007ff8040d1bea
d3d      D          d3d_bmp.cpp:539  _al_d3d_sync_bitmap              [  14.74621] _al_d3d_sync_bitmap (system) ref count == 1
d3d      D          d3d_bmp.cpp:545  _al_d3d_sync_bitmap              [  14.74624] _al_d3d_sync_bitmap (video) ref count == 1
dtor     D               dtor.c:227  _al_unregister_destructor        [  14.74670] removed dtor for bitmap 000000000a900360
bitmap   D        bitmap_type.c:308  _al_convert_to_memory_bitmap     [  14.74675] converting display bitmap 000000000a900620 to memory bitmap
dtor     D               dtor.c:196  _al_register_destructor          [  14.74677] added dtor for bitmap 000000000a900360, func 00007ff8040d1bea
d3d      D          d3d_bmp.cpp:539  _al_d3d_sync_bitmap              [  14.74680] _al_d3d_sync_bitmap (system) ref count == 1
d3d      D          d3d_bmp.cpp:545  _al_d3d_sync_bitmap              [  14.74682] _al_d3d_sync_bitmap (video) ref count == 1
dtor     D               dtor.c:227  _al_unregister_destructor        [  14.74756] removed dtor for bitmap 000000000a900360
bitmap   D        bitmap_type.c:308  _al_convert_to_memory_bitmap     [  14.74769] converting display bitmap 00000000026136a0 to memory bitmap
dtor     D               dtor.c:196  _al_register_destructor          [  14.74772] added dtor for bitmap 000000000a900360, func 00007ff8040d1bea
d3d      D          d3d_bmp.cpp:539  _al_d3d_sync_bitmap              [  14.74775] _al_d3d_sync_bitmap (system) ref count == 1
d3d      D          d3d_bmp.cpp:545  _al_d3d_sync_bitmap              [  14.74777] _al_d3d_sync_bitmap (video) ref count == 1
dtor     D               dtor.c:227  _al_unregister_destructor        [  14.74922] removed dtor for bitmap 000000000a900360
bitmap   D        bitmap_type.c:308  _al_convert_to_memory_bitmap     [  14.74928] converting display bitmap 000000000a9001b0 to memory bitmap
dtor     D               dtor.c:196  _al_register_destructor          [  14.74931] added dtor for bitmap 000000000a900360, func 00007ff8040d1bea
d3d      D          d3d_bmp.cpp:539  _al_d3d_sync_bitmap              [  14.74934] _al_d3d_sync_bitmap (system) ref count == 1
d3d      D          d3d_bmp.cpp:545  _al_d3d_sync_bitmap              [  14.74937] _al_d3d_sync_bitmap (video) ref count == 1
dtor     D               dtor.c:227  _al_unregister_destructor        [  14.74981] removed dtor for bitmap 000000000a900360
bitmap   D        bitmap_type.c:308  _al_convert_to_memory_bitmap     [  14.74986] converting display bitmap 00000000026161d0 to memory bitmap
dtor     D               dtor.c:196  _al_register_destructor          [  14.74988] added dtor for bitmap 000000000a900360, func 00007ff8040d1bea
d3d      D          d3d_bmp.cpp:539  _al_d3d_sync_bitmap              [  14.74991] _al_d3d_sync_bitmap (system) ref count == 1
d3d      D          d3d_bmp.cpp:545  _al_d3d_sync_bitmap              [  14.74993] _al_d3d_sync_bitmap (video) ref count == 1
dtor     D               dtor.c:227  _al_unregister_destructor        [  14.75023] removed dtor for bitmap 000000000a900360
bitmap   D        bitmap_type.c:308  _al_convert_to_memory_bitmap     [  14.75027] converting display bitmap 0000000002616500 to memory bitmap
dtor     D               dtor.c:196  _al_register_destructor          [  14.75032] added dtor for bitmap 000000000a900360, func 00007ff8040d1bea
d3d      D          d3d_bmp.cpp:539  _al_d3d_sync_bitmap              [  14.75035] _al_d3d_sync_bitmap (system) ref count == 1
d3d      D          d3d_bmp.cpp:545  _al_d3d_sync_bitmap              [  14.75037] _al_d3d_sync_bitmap (video) ref count == 1
dtor     D               dtor.c:227  _al_unregister_destructor        [  14.75176] removed dtor for bitmap 000000000a900360
d3d      D         d3d_disp.cpp:899  d3d_destroy_display_internals    [  14.75191] waiting for display 000000000018ea10's thread to end
d3d      W         d3d_disp.cpp:608  d3d_destroy_device               [  14.75965] d3d_destroy_device: ref count not 0
d3d      W         d3d_disp.cpp:608  d3d_destroy_device               [  14.75974] d3d_destroy_device: ref count not 0
d3d      I         d3d_disp.cpp:1562 d3d_display_thread_proc          [  14.77641] d3d display thread exits
dtor     D               dtor.c:227  _al_unregister_destructor        [  14.77697] removed dtor for bitmap 000000000a9007d0
dtor     D               dtor.c:227  _al_unregister_destructor        [  14.77737] removed dtor for bitmap 000000000a900620
dtor     D               dtor.c:227  _al_unregister_destructor        [  14.77742] removed dtor for bitmap 00000000026c8600
dtor     D               dtor.c:227  _al_unregister_destructor        [  14.77745] removed dtor for bitmap 00000000026c87b0
dtor     D               dtor.c:227  _al_unregister_destructor        [  14.77751] removed dtor for bitmap 00000000026161d0
dtor     D               dtor.c:227  _al_unregister_destructor        [  14.77754] removed dtor for bitmap 000000000a9001b0
dtor     D               dtor.c:227  _al_unregister_destructor        [  14.77756] removed dtor for bitmap 00000000026c87b0
